==613580== Memcheck, a memory error detector
==613580== Copyright (C) 2002-2022, and GNU GPL'd, by Julian Seward et al.
==613580== Using Valgrind-3.22.0.GIT and LibVEX; rerun with -h for copyright info
==613580== Command: ./a.out /usr/shar
==613580== Parent PID: 611933
==613580== 
==613580== Conditional jump or move depends on uninitialised value(s)
==613580==    at 0x401D38: radixSort(int*, int, int) (in /home/mmamozai0/Documents/CS1D/A1/a.out)
==613580==    by 0x401460: main (in /home/mmamozai0/Documents/CS1D/A1/a.out)
==613580== 
==613580== 
==613580== HEAP SUMMARY:
==613580==     in use at exit: 0 bytes in 0 blocks
==613580==   total heap usage: 3 allocs, 3 frees, 75,776 bytes allocated
==613580== 
==613580== All heap blocks were freed -- no leaks are possible
==613580== 
==613580== Use --track-origins=yes to see where uninitialised values come from
==613580== For lists of detected and suppressed errors, rerun with: -s
==613580== ERROR SUMMARY: 1 errors from 1 contexts (suppressed: 0 from 0)
