==613162== Memcheck, a memory error detector
==613162== Copyright (C) 2002-2022, and GNU GPL'd, by Julian Seward et al.
==613162== Using Valgrind-3.22.0.GIT and LibVEX; rerun with -h for copyright info
==613162== Command: ./a.out 1
==613162== Parent PID: 611933
==613162== 
==613162== Conditional jump or move depends on uninitialised value(s)
==613162==    at 0x401D38: radixSort(int*, int, int) (in /home/mmamozai0/Documents/CS1D/A1/a.out)
==613162==    by 0x401460: main (in /home/mmamozai0/Documents/CS1D/A1/a.out)
==613162== 
==613162== 
==613162== HEAP SUMMARY:
==613162==     in use at exit: 0 bytes in 0 blocks
==613162==   total heap usage: 3 allocs, 3 frees, 75,776 bytes allocated
==613162== 
==613162== All heap blocks were freed -- no leaks are possible
==613162== 
==613162== Use --track-origins=yes to see where uninitialised values come from
==613162== For lists of detected and suppressed errors, rerun with: -s
==613162== ERROR SUMMARY: 1 errors from 1 contexts (suppressed: 0 from 0)
