==612517== Memcheck, a memory error detector
==612517== Copyright (C) 2002-2022, and GNU GPL'd, by Julian Seward et al.
==612517== Using Valgrind-3.22.0.GIT and LibVEX; rerun with -h for copyright info
==612517== Command: ./a.out 1
==612517== Parent PID: 611933
==612517== 
==612517== Conditional jump or move depends on uninitialised value(s)
==612517==    at 0x401AC9: countingSort(int*, int, int) (in /home/mmamozai0/Documents/CS1D/A1/a.out)
==612517==    by 0x40142E: main (in /home/mmamozai0/Documents/CS1D/A1/a.out)
==612517== 
==612517== Conditional jump or move depends on uninitialised value(s)
==612517==    at 0x48445D1: operator new[](unsigned long) (vg_replace_malloc.c:725)
==612517==    by 0x401AE1: countingSort(int*, int, int) (in /home/mmamozai0/Documents/CS1D/A1/a.out)
==612517==    by 0x40142E: main (in /home/mmamozai0/Documents/CS1D/A1/a.out)
==612517== 
==612517== Conditional jump or move depends on uninitialised value(s)
==612517==    at 0x401AF5: countingSort(int*, int, int) (in /home/mmamozai0/Documents/CS1D/A1/a.out)
==612517==    by 0x40142E: main (in /home/mmamozai0/Documents/CS1D/A1/a.out)
==612517== 
==612517== Conditional jump or move depends on uninitialised value(s)
==612517==    at 0x401B24: countingSort(int*, int, int) (in /home/mmamozai0/Documents/CS1D/A1/a.out)
==612517==    by 0x40142E: main (in /home/mmamozai0/Documents/CS1D/A1/a.out)
==612517== 
==612517== Conditional jump or move depends on uninitialised value(s)
==612517==    at 0x401BC4: countingSort(int*, int, int) (in /home/mmamozai0/Documents/CS1D/A1/a.out)
==612517==    by 0x40142E: main (in /home/mmamozai0/Documents/CS1D/A1/a.out)
==612517== 
==612517== 
==612517== HEAP SUMMARY:
==612517==     in use at exit: 0 bytes in 1 blocks
==612517==   total heap usage: 5 allocs, 4 frees, 75,780 bytes allocated
==612517== 
==612517== 0 bytes in 1 blocks are definitely lost in loss record 1 of 1
==612517==    at 0x4844627: operator new[](unsigned long) (vg_replace_malloc.c:725)
==612517==    by 0x401AAE: countingSort(int*, int, int) (in /home/mmamozai0/Documents/CS1D/A1/a.out)
==612517==    by 0x40142E: main (in /home/mmamozai0/Documents/CS1D/A1/a.out)
==612517== 
==612517== LEAK SUMMARY:
==612517==    definitely lost: 0 bytes in 1 blocks
==612517==    indirectly lost: 0 bytes in 0 blocks
==612517==      possibly lost: 0 bytes in 0 blocks
==612517==    still reachable: 0 bytes in 0 blocks
==612517==         suppressed: 0 bytes in 0 blocks
==612517== 
==612517== Use --track-origins=yes to see where uninitialised values come from
==612517== For lists of detected and suppressed errors, rerun with: -s
==612517== ERROR SUMMARY: 6 errors from 6 contexts (suppressed: 0 from 0)
