==613543== Memcheck, a memory error detector
==613543== Copyright (C) 2002-2022, and GNU GPL'd, by Julian Seward et al.
==613543== Using Valgrind-3.22.0.GIT and LibVEX; rerun with -h for copyright info
==613543== Command: ./a.out /usr/shar
==613543== Parent PID: 611933
==613543== 
==613543== Conditional jump or move depends on uninitialised value(s)
==613543==    at 0x401AC9: countingSort(int*, int, int) (in /home/mmamozai0/Documents/CS1D/A1/a.out)
==613543==    by 0x40142E: main (in /home/mmamozai0/Documents/CS1D/A1/a.out)
==613543== 
==613543== Conditional jump or move depends on uninitialised value(s)
==613543==    at 0x48445D1: operator new[](unsigned long) (vg_replace_malloc.c:725)
==613543==    by 0x401AE1: countingSort(int*, int, int) (in /home/mmamozai0/Documents/CS1D/A1/a.out)
==613543==    by 0x40142E: main (in /home/mmamozai0/Documents/CS1D/A1/a.out)
==613543== 
==613543== Conditional jump or move depends on uninitialised value(s)
==613543==    at 0x401AF5: countingSort(int*, int, int) (in /home/mmamozai0/Documents/CS1D/A1/a.out)
==613543==    by 0x40142E: main (in /home/mmamozai0/Documents/CS1D/A1/a.out)
==613543== 
==613543== Conditional jump or move depends on uninitialised value(s)
==613543==    at 0x401B24: countingSort(int*, int, int) (in /home/mmamozai0/Documents/CS1D/A1/a.out)
==613543==    by 0x40142E: main (in /home/mmamozai0/Documents/CS1D/A1/a.out)
==613543== 
==613543== Conditional jump or move depends on uninitialised value(s)
==613543==    at 0x401BC4: countingSort(int*, int, int) (in /home/mmamozai0/Documents/CS1D/A1/a.out)
==613543==    by 0x40142E: main (in /home/mmamozai0/Documents/CS1D/A1/a.out)
==613543== 
==613543== 
==613543== HEAP SUMMARY:
==613543==     in use at exit: 0 bytes in 1 blocks
==613543==   total heap usage: 5 allocs, 4 frees, 75,780 bytes allocated
==613543== 
==613543== 0 bytes in 1 blocks are definitely lost in loss record 1 of 1
==613543==    at 0x4844627: operator new[](unsigned long) (vg_replace_malloc.c:725)
==613543==    by 0x401AAE: countingSort(int*, int, int) (in /home/mmamozai0/Documents/CS1D/A1/a.out)
==613543==    by 0x40142E: main (in /home/mmamozai0/Documents/CS1D/A1/a.out)
==613543== 
==613543== LEAK SUMMARY:
==613543==    definitely lost: 0 bytes in 1 blocks
==613543==    indirectly lost: 0 bytes in 0 blocks
==613543==      possibly lost: 0 bytes in 0 blocks
==613543==    still reachable: 0 bytes in 0 blocks
==613543==         suppressed: 0 bytes in 0 blocks
==613543== 
==613543== Use --track-origins=yes to see where uninitialised values come from
==613543== For lists of detected and suppressed errors, rerun with: -s
==613543== ERROR SUMMARY: 6 errors from 6 contexts (suppressed: 0 from 0)
