==612363== Memcheck, a memory error detector
==612363== Copyright (C) 2002-2022, and GNU GPL'd, by Julian Seward et al.
==612363== Using Valgrind-3.22.0.GIT and LibVEX; rerun with -h for copyright info
==612363== Command: ./a.out 1
==612363== Parent PID: 611933
==612363== 
==612363== Conditional jump or move depends on uninitialised value(s)
==612363==    at 0x4016B3: mergeSort(int*, int, int, int) (in /home/mmamozai0/Documents/CS1D/A1/a.out)
==612363==    by 0x401360: main (in /home/mmamozai0/Documents/CS1D/A1/a.out)
==612363== 
==612363== Conditional jump or move depends on uninitialised value(s)
==612363==    at 0x4016B3: mergeSort(int*, int, int, int) (in /home/mmamozai0/Documents/CS1D/A1/a.out)
==612363==    by 0x40191D: mergeSort(int*, int, int, int) (in /home/mmamozai0/Documents/CS1D/A1/a.out)
==612363==    by 0x401360: main (in /home/mmamozai0/Documents/CS1D/A1/a.out)
==612363== 
==612363== Conditional jump or move depends on uninitialised value(s)
==612363==    at 0x4016B3: mergeSort(int*, int, int, int) (in /home/mmamozai0/Documents/CS1D/A1/a.out)
==612363==    by 0x40191D: mergeSort(int*, int, int, int) (in /home/mmamozai0/Documents/CS1D/A1/a.out)
==612363==    by 0x40191D: mergeSort(int*, int, int, int) (in /home/mmamozai0/Documents/CS1D/A1/a.out)
==612363==    by 0x401360: main (in /home/mmamozai0/Documents/CS1D/A1/a.out)
==612363== 
==612363== Conditional jump or move depends on uninitialised value(s)
==612363==    at 0x4016B3: mergeSort(int*, int, int, int) (in /home/mmamozai0/Documents/CS1D/A1/a.out)
==612363==    by 0x40191D: mergeSort(int*, int, int, int) (in /home/mmamozai0/Documents/CS1D/A1/a.out)
==612363==    by 0x40191D: mergeSort(int*, int, int, int) (in /home/mmamozai0/Documents/CS1D/A1/a.out)
==612363==    by 0x40191D: mergeSort(int*, int, int, int) (in /home/mmamozai0/Documents/CS1D/A1/a.out)
==612363==    by 0x401360: main (in /home/mmamozai0/Documents/CS1D/A1/a.out)
==612363== 
==612363== Stack overflow in thread #1: can't grow stack to 0x1ffe801000
==612363== 
==612363== Process terminating with default action of signal 11 (SIGSEGV): dumping core
==612363==  Access not within mapped region at address 0x1FFE801FF8
==612363== Stack overflow in thread #1: can't grow stack to 0x1ffe801000
==612363==    at 0x4016A0: mergeSort(int*, int, int, int) (in /home/mmamozai0/Documents/CS1D/A1/a.out)
==612363==  If you believe this happened as a result of a stack
==612363==  overflow in your program's main thread (unlikely but
==612363==  possible), you can try to increase the size of the
==612363==  main thread stack using the --main-stacksize= flag.
==612363==  The main thread stack size used in this run was 8388608.
==612363== 
==612363== HEAP SUMMARY:
==612363==     in use at exit: 75,776 bytes in 3 blocks
==612363==   total heap usage: 3 allocs, 0 frees, 75,776 bytes allocated
==612363== 
==612363== LEAK SUMMARY:
==612363==    definitely lost: 0 bytes in 0 blocks
==612363==    indirectly lost: 0 bytes in 0 blocks
==612363==      possibly lost: 0 bytes in 0 blocks
==612363==    still reachable: 75,776 bytes in 3 blocks
==612363==         suppressed: 0 bytes in 0 blocks
==612363== Reachable blocks (those to which a pointer was found) are not shown.
==612363== To see them, rerun with: --leak-check=full --show-leak-kinds=all
==612363== 
==612363== Use --track-origins=yes to see where uninitialised values come from
==612363== For lists of detected and suppressed errors, rerun with: -s
==612363== ERROR SUMMARY: 74825 errors from 4 contexts (suppressed: 0 from 0)
