==613716== Memcheck, a memory error detector
==613716== Copyright (C) 2002-2022, and GNU GPL'd, by Julian Seward et al.
==613716== Using Valgrind-3.22.0.GIT and LibVEX; rerun with -h for copyright info
==613716== Command: ./a.out /usr/shar
==613716== Parent PID: 611933
==613716== 
==613716== Conditional jump or move depends on uninitialised value(s)
==613716==    at 0x4016B3: mergeSort(int*, int, int, int) (in /home/mmamozai0/Documents/CS1D/A1/a.out)
==613716==    by 0x401360: main (in /home/mmamozai0/Documents/CS1D/A1/a.out)
==613716== 
==613716== Conditional jump or move depends on uninitialised value(s)
==613716==    at 0x4016B3: mergeSort(int*, int, int, int) (in /home/mmamozai0/Documents/CS1D/A1/a.out)
==613716==    by 0x40191D: mergeSort(int*, int, int, int) (in /home/mmamozai0/Documents/CS1D/A1/a.out)
==613716==    by 0x401360: main (in /home/mmamozai0/Documents/CS1D/A1/a.out)
==613716== 
==613716== Conditional jump or move depends on uninitialised value(s)
==613716==    at 0x4016B3: mergeSort(int*, int, int, int) (in /home/mmamozai0/Documents/CS1D/A1/a.out)
==613716==    by 0x40191D: mergeSort(int*, int, int, int) (in /home/mmamozai0/Documents/CS1D/A1/a.out)
==613716==    by 0x40191D: mergeSort(int*, int, int, int) (in /home/mmamozai0/Documents/CS1D/A1/a.out)
==613716==    by 0x401360: main (in /home/mmamozai0/Documents/CS1D/A1/a.out)
==613716== 
==613716== Conditional jump or move depends on uninitialised value(s)
==613716==    at 0x4016B3: mergeSort(int*, int, int, int) (in /home/mmamozai0/Documents/CS1D/A1/a.out)
==613716==    by 0x40191D: mergeSort(int*, int, int, int) (in /home/mmamozai0/Documents/CS1D/A1/a.out)
==613716==    by 0x40191D: mergeSort(int*, int, int, int) (in /home/mmamozai0/Documents/CS1D/A1/a.out)
==613716==    by 0x40191D: mergeSort(int*, int, int, int) (in /home/mmamozai0/Documents/CS1D/A1/a.out)
==613716==    by 0x401360: main (in /home/mmamozai0/Documents/CS1D/A1/a.out)
==613716== 
==613716== Stack overflow in thread #1: can't grow stack to 0x1ffe801000
==613716== 
==613716== Process terminating with default action of signal 11 (SIGSEGV): dumping core
==613716==  Access not within mapped region at address 0x1FFE801FF8
==613716== Stack overflow in thread #1: can't grow stack to 0x1ffe801000
==613716==    at 0x4016A0: mergeSort(int*, int, int, int) (in /home/mmamozai0/Documents/CS1D/A1/a.out)
==613716==  If you believe this happened as a result of a stack
==613716==  overflow in your program's main thread (unlikely but
==613716==  possible), you can try to increase the size of the
==613716==  main thread stack using the --main-stacksize= flag.
==613716==  The main thread stack size used in this run was 8388608.
==613716== 
==613716== HEAP SUMMARY:
==613716==     in use at exit: 75,776 bytes in 3 blocks
==613716==   total heap usage: 3 allocs, 0 frees, 75,776 bytes allocated
==613716== 
==613716== LEAK SUMMARY:
==613716==    definitely lost: 0 bytes in 0 blocks
==613716==    indirectly lost: 0 bytes in 0 blocks
==613716==      possibly lost: 0 bytes in 0 blocks
==613716==    still reachable: 75,776 bytes in 3 blocks
==613716==         suppressed: 0 bytes in 0 blocks
==613716== Reachable blocks (those to which a pointer was found) are not shown.
==613716== To see them, rerun with: --leak-check=full --show-leak-kinds=all
==613716== 
==613716== Use --track-origins=yes to see where uninitialised values come from
==613716== For lists of detected and suppressed errors, rerun with: -s
==613716== ERROR SUMMARY: 74825 errors from 4 contexts (suppressed: 0 from 0)
