==613535== Memcheck, a memory error detector
==613535== Copyright (C) 2002-2022, and GNU GPL'd, by Julian Seward et al.
==613535== Using Valgrind-3.22.0.GIT and LibVEX; rerun with -h for copyright info
==613535== Command: ./a.out /usr/shar
==613535== Parent PID: 611933
==613535== 
==613535== Conditional jump or move depends on uninitialised value(s)
==613535==    at 0x401AC9: countingSort(int*, int, int) (in /home/mmamozai0/Documents/CS1D/A1/a.out)
==613535==    by 0x40142E: main (in /home/mmamozai0/Documents/CS1D/A1/a.out)
==613535== 
==613535== Conditional jump or move depends on uninitialised value(s)
==613535==    at 0x48445D1: operator new[](unsigned long) (vg_replace_malloc.c:725)
==613535==    by 0x401AE1: countingSort(int*, int, int) (in /home/mmamozai0/Documents/CS1D/A1/a.out)
==613535==    by 0x40142E: main (in /home/mmamozai0/Documents/CS1D/A1/a.out)
==613535== 
==613535== Conditional jump or move depends on uninitialised value(s)
==613535==    at 0x401AF5: countingSort(int*, int, int) (in /home/mmamozai0/Documents/CS1D/A1/a.out)
==613535==    by 0x40142E: main (in /home/mmamozai0/Documents/CS1D/A1/a.out)
==613535== 
==613535== Conditional jump or move depends on uninitialised value(s)
==613535==    at 0x401B24: countingSort(int*, int, int) (in /home/mmamozai0/Documents/CS1D/A1/a.out)
==613535==    by 0x40142E: main (in /home/mmamozai0/Documents/CS1D/A1/a.out)
==613535== 
==613535== Conditional jump or move depends on uninitialised value(s)
==613535==    at 0x401BC4: countingSort(int*, int, int) (in /home/mmamozai0/Documents/CS1D/A1/a.out)
==613535==    by 0x40142E: main (in /home/mmamozai0/Documents/CS1D/A1/a.out)
==613535== 
==613535== 
==613535== HEAP SUMMARY:
==613535==     in use at exit: 0 bytes in 1 blocks
==613535==   total heap usage: 5 allocs, 4 frees, 75,780 bytes allocated
==613535== 
==613535== 0 bytes in 1 blocks are definitely lost in loss record 1 of 1
==613535==    at 0x4844627: operator new[](unsigned long) (vg_replace_malloc.c:725)
==613535==    by 0x401AAE: countingSort(int*, int, int) (in /home/mmamozai0/Documents/CS1D/A1/a.out)
==613535==    by 0x40142E: main (in /home/mmamozai0/Documents/CS1D/A1/a.out)
==613535== 
==613535== LEAK SUMMARY:
==613535==    definitely lost: 0 bytes in 1 blocks
==613535==    indirectly lost: 0 bytes in 0 blocks
==613535==      possibly lost: 0 bytes in 0 blocks
==613535==    still reachable: 0 bytes in 0 blocks
==613535==         suppressed: 0 bytes in 0 blocks
==613535== 
==613535== Use --track-origins=yes to see where uninitialised values come from
==613535== For lists of detected and suppressed errors, rerun with: -s
==613535== ERROR SUMMARY: 6 errors from 6 contexts (suppressed: 0 from 0)
